<?xml version="1.0" encoding="UTF-8"?>
<!-- Generated by org.testng.reporters.JUnitReportReporter -->
<testsuite hostname="LAPTOP-H519OSTH" failures="0" tests="4" name="tests.AddBookToCart" time="68.210" errors="0" timestamp="2022-10-10T17:30:11 BDT" skipped="0">
  <testcase classname="tests.AddBookToCart" name="hoverAndClickKolpobiggyan" time="25.113"/>
  <system-out/>
  <testcase classname="tests.AddBookToCart" name="scrollAndGoNext" time="8.646"/>
  <system-out/>
  <testcase classname="tests.AddBookToCart" name="viewAnyBook" time="20.439"/>
  <system-out/>
  <testcase classname="tests.AddBookToCart" name="addToCart" time="14.012"/>
  <system-out/>
</testsuite> <!-- tests.AddBookToCart -->
