<?xml version="1.0" encoding="UTF-8"?>
<!-- Generated by org.testng.reporters.JUnitReportReporter -->
<testsuite hostname="LAPTOP-H519OSTH" failures="0" tests="2" name="tests.CheckOut" time="95.898" errors="0" timestamp="2022-10-10T17:30:11 BDT" skipped="0">
  <testcase classname="tests.CheckOut" name="hoverCartAndClickCheckout" time="16.778"/>
  <system-out/>
  <testcase classname="tests.CheckOut" name="provideInformation" time="79.120"/>
  <system-out/>
</testsuite> <!-- tests.CheckOut -->
