<?xml version="1.0" encoding="UTF-8"?>
<!-- Generated by org.testng.reporters.JUnitReportReporter -->
<testsuite hostname="LAPTOP-H519OSTH" failures="0" tests="4" name="tests.AccountCreate" time="60.703" errors="0" timestamp="2022-10-03T01:11:54 BDT" skipped="0">
  <testcase classname="tests.AccountCreate" name="hoverAndClickKolpobiggyan" time="22.840"/>
  <system-out/>
  <testcase classname="tests.AccountCreate" name="scrollAndGoNext" time="8.501"/>
  <system-out/>
  <testcase classname="tests.AccountCreate" name="viewAnyBook" time="12.266"/>
  <system-out/>
  <testcase classname="tests.AccountCreate" name="addToCart" time="17.096"/>
  <system-out/>
</testsuite> <!-- tests.AccountCreate -->
